No.1 basic block @ 0x10eb8 (magic = 0x949f).
No.2 basic block @ 0x10ec4 (magic = 0xc4f2).
No.3 basic block @ 0x10ef4 (magic = 0x3319).
No.4 basic block @ 0x10f18 (magic = 0x4603).
No.5 basic block @ 0x10f24 (magic = 0x166e).
No.6 basic block @ 0x10f30 (magic = 0xe098).
No.7 basic block @ 0x11050 (magic = 0xa837).
No.8 basic block @ 0x11080 (magic = 0x5fdc).
No.9 basic block @ 0x11120 (magic = 0xb7d2).
No.10 basic block @ 0x1112c (magic = 0xe7bf).
No.11 basic block @ 0x11144 (magic = 0x8420).
No.12 basic block @ 0x1118c (magic = 0x6255).
No.13 basic block @ 0x111a4 (magic = 0x1d8c).
No.14 basic block @ 0x111e0 (magic = 0xb2bf).
No.15 basic block @ 0x111f8 (magic = 0x1424).
No.16 basic block @ 0x11290 (magic = 0x5eb1).
No.17 basic block @ 0x112a0 (magic = 0xf2a5).
No.18 basic block @ 0x112d4 (magic = 0x67cc).
No.19 basic block @ 0x112f0 (magic = 0x78ad).
No.20 basic block @ 0x11304 (magic = 0xe420).
No.21 basic block @ 0x114d8 (magic = 0x2eb6).
No.22 basic block @ 0x114f0 (magic = 0xc721).
No.23 basic block @ 0x11510 (magic = 0x59da).
No.24 basic block @ 0x1156c (magic = 0x8d02).
No.25 basic block @ 0x115b0 (magic = 0xedba).
No.26 basic block @ 0x11688 (magic = 0x95c0).
No.27 basic block @ 0x116a8 (magic = 0xa72f).
No.28 basic block @ 0x116c8 (magic = 0x7e6d).
No.29 basic block @ 0x116d0 (magic = 0x622b).
No.30 basic block @ 0x11700 (magic = 0xe1c7).
No.31 basic block @ 0x11710 (magic = 0x8258).
No.32 basic block @ 0x1171c (magic = 0xd235).
No.33 basic block @ 0x11728 (magic = 0x24c3).
No.34 basic block @ 0x11734 (magic = 0x74ae).
No.35 basic block @ 0x11740 (magic = 0x4566).
No.36 basic block @ 0x11770 (magic = 0xdb9d).
No.37 basic block @ 0x117a4 (magic = 0x2f51).
No.38 basic block @ 0x117d4 (magic = 0x65c4).
No.39 basic block @ 0x117e8 (magic = 0xc242).
No.40 basic block @ 0x117fc (magic = 0xa0c0).
No.41 basic block @ 0x11810 (magic = 0x8d4e).
No.42 basic block @ 0x1181c (magic = 0x7137).
No.43 basic block @ 0x11844 (magic = 0xb433).
No.44 basic block @ 0x11860 (magic = 0xcaf7).
No.45 basic block @ 0x11864 (magic = 0x730d).
No.46 basic block @ 0x11870 (magic = 0x2360).
No.47 basic block @ 0x1187c (magic = 0x7a21).
No.48 basic block @ 0x118a0 (magic = 0x7b3c).
No.49 basic block @ 0x118b4 (magic = 0x19be).
No.50 basic block @ 0x118bc (magic = 0x918c).
No.51 basic block @ 0x118c0 (magic = 0x49d3).
No.52 basic block @ 0x118c8 (magic = 0x3430).
No.53 basic block @ 0x118e0 (magic = 0x1016).
No.54 basic block @ 0x11920 (magic = 0xfbbb).
No.55 basic block @ 0x1193c (magic = 0xca73).
No.56 basic block @ 0x11974 (magic = 0xd507).
No.57 basic block @ 0x119a4 (magic = 0x2a59).
No.58 basic block @ 0x119bc (magic = 0x8cc2).
No.59 basic block @ 0x119d0 (magic = 0x2b44).
No.60 basic block @ 0x119ec (magic = 0xddb2).
No.61 basic block @ 0x11a20 (magic = 0x329b).
No.62 basic block @ 0x11a50 (magic = 0x63eb).
No.63 basic block @ 0x11a64 (magic = 0x4e65).
No.64 basic block @ 0x11a6c (magic = 0xfe37).
No.65 basic block @ 0x11a90 (magic = 0x8c1).
No.66 basic block @ 0x11acc (magic = 0xe04b).
No.67 basic block @ 0x11ae0 (magic = 0x7cc6).
No.68 basic block @ 0x11af8 (magic = 0x2db6).
No.69 basic block @ 0x11b0c (magic = 0x4f34).
No.70 basic block @ 0x11b3c (magic = 0xab7).
No.71 basic block @ 0x11b44 (magic = 0x16f1).
No.72 basic block @ 0x11b64 (magic = 0xcfb3).
No.73 basic block @ 0x11b68 (magic = 0x17ec).
No.74 basic block @ 0x11b74 (magic = 0xe11a).
No.75 basic block @ 0x11b84 (magic = 0x88d).
No.76 basic block @ 0x11b90 (magic = 0x58e0).
No.77 basic block @ 0x11ba0 (magic = 0xb4ee).
No.78 basic block @ 0x11bac (magic = 0x5e5e).
No.79 basic block @ 0x11bb8 (magic = 0xe33).
No.80 basic block @ 0x11bcc (magic = 0xa9b5).
No.81 basic block @ 0x11be8 (magic = 0xb6d4).
No.82 basic block @ 0x11c0c (magic = 0xc29f).
No.83 basic block @ 0x11c28 (magic = 0x57f6).
No.84 basic block @ 0x11c3c (magic = 0x3574).
No.85 basic block @ 0x11c60 (magic = 0x11d6).
No.86 basic block @ 0x11c7c (magic = 0xfb66).
No.87 basic block @ 0x11cb4 (magic = 0x5fc7).
No.88 basic block @ 0x11cc8 (magic = 0xbff8).
No.89 basic block @ 0x11cfc (magic = 0x2a91).
No.90 basic block @ 0x11d24 (magic = 0x659d).
No.91 basic block @ 0x11d40 (magic = 0x8190).
No.92 basic block @ 0x11d50 (magic = 0xe20f).
No.93 basic block @ 0x11d58 (magic = 0x6a3d).
No.94 basic block @ 0x11d60 (magic = 0x767b).
No.95 basic block @ 0x11d68 (magic = 0x4494).
No.96 basic block @ 0x11d78 (magic = 0xad03).
No.97 basic block @ 0x11d84 (magic = 0xfd6e).
No.98 basic block @ 0x11d8c (magic = 0x4d3c).
No.99 basic block @ 0x11d94 (magic = 0xc50e).
No.100 basic block @ 0x11da4 (magic = 0xeba7).
No.101 basic block @ 0x11db0 (magic = 0xbbca).
No.102 basic block @ 0x11dbc (magic = 0xa).
No.103 basic block @ 0x11dc4 (magic = 0x1c4c).
No.104 basic block @ 0x11df8 (magic = 0x7b57).
No.105 basic block @ 0x11e14 (magic = 0x593).
No.106 basic block @ 0x11e30 (magic = 0x90fa).
No.107 basic block @ 0x11e40 (magic = 0x796d).
No.108 basic block @ 0x11e5c (magic = 0x1160).
No.109 basic block @ 0x11e70 (magic = 0x73e2).
No.110 basic block @ 0x11e84 (magic = 0xd464).
No.111 basic block @ 0x11e98 (magic = 0xb6e6).
No.112 basic block @ 0x11ea0 (magic = 0xaaa0).
No.113 basic block @ 0x11ea8 (magic = 0xd743).
No.114 basic block @ 0x11eb8 (magic = 0x8fd7).
No.115 basic block @ 0x11ec4 (magic = 0xdfba).
No.116 basic block @ 0x11ecc (magic = 0xed55).
No.117 basic block @ 0x11ed4 (magic = 0x6567).
No.118 basic block @ 0x11ee4 (magic = 0x8eca).
No.119 basic block @ 0x11ef0 (magic = 0xdea7).
No.120 basic block @ 0x11efc (magic = 0xa063).
No.121 basic block @ 0x11f04 (magic = 0xbc25).
No.122 basic block @ 0x11f08 (magic = 0x5df).
No.123 basic block @ 0x11f0c (magic = 0xc1c6).
No.124 basic block @ 0x11f50 (magic = 0x7089).
No.125 basic block @ 0x11f60 (magic = 0xca54).
No.126 basic block @ 0x11f70 (magic = 0xabf1).
No.127 basic block @ 0x11f80 (magic = 0x5bb9).
No.128 basic block @ 0x11f94 (magic = 0x393b).
No.129 basic block @ 0x11fa0 (magic = 0x6956).
No.130 basic block @ 0x11fac (magic = 0x5aa4).
No.131 basic block @ 0x11fb4 (magic = 0xced0).
No.132 basic block @ 0x11fe4 (magic = 0x318e).
No.133 basic block @ 0x11ff0 (magic = 0x61e3).
No.134 basic block @ 0x12000 (magic = 0xdb3e).
No.135 basic block @ 0x12008 (magic = 0xc778).
No.136 basic block @ 0x12010 (magic = 0x3093).
No.137 basic block @ 0x1201c (magic = 0x60fe).
No.138 basic block @ 0x12038 (magic = 0x7f9f).
No.139 basic block @ 0x12050 (magic = 0xfe81).
No.140 basic block @ 0x12064 (magic = 0x9c03).
No.141 basic block @ 0x12068 (magic = 0x445c).
No.142 basic block @ 0x12070 (magic = 0xb3b7).
No.143 basic block @ 0x12074 (magic = 0x77ae).
No.144 basic block @ 0x12084 (magic = 0xd135).
No.145 basic block @ 0x12088 (magic = 0x152c).
No.146 basic block @ 0x120a0 (magic = 0x7489).
No.147 basic block @ 0x120a8 (magic = 0x68cf).
No.148 basic block @ 0x120b4 (magic = 0x94b6).
No.149 basic block @ 0x120bc (magic = 0x88f0).
No.150 basic block @ 0x120c4 (magic = 0xba1f).
No.151 basic block @ 0x120d0 (magic = 0xea72).
No.152 basic block @ 0x120d4 (magic = 0xd980).
No.153 basic block @ 0x120e4 (magic = 0x4df4).
No.154 basic block @ 0x120f0 (magic = 0x3330).
No.155 basic block @ 0x12108 (magic = 0xc6e1).
No.156 basic block @ 0x12128 (magic = 0xb929).
No.157 basic block @ 0x12140 (magic = 0x5284).
No.158 basic block @ 0x12148 (magic = 0x4ec2).
No.159 basic block @ 0x12154 (magic = 0x3006).
No.160 basic block @ 0x12158 (magic = 0xe859).
No.161 basic block @ 0x1218c (magic = 0xd31e).
No.162 basic block @ 0x12194 (magic = 0x476a).
No.163 basic block @ 0x121ac (magic = 0x24f5).
No.164 basic block @ 0x121d4 (magic = 0x6bf9).
No.165 basic block @ 0x121e4 (magic = 0x9bb1).
No.166 basic block @ 0x121f8 (magic = 0xf933).
No.167 basic block @ 0x12200 (magic = 0xed8).
No.168 basic block @ 0x1220c (magic = 0x5eb5).
No.169 basic block @ 0x12228 (magic = 0x41d4).
No.170 basic block @ 0x12230 (magic = 0xc9e6).
No.171 basic block @ 0x1223c (magic = 0xa1eb).
No.172 basic block @ 0x12250 (magic = 0xc369).
No.173 basic block @ 0x1225c (magic = 0x9304).
No.174 basic block @ 0x12280 (magic = 0x8e5f).
No.175 basic block @ 0x122a0 (magic = 0xb76e).
No.176 basic block @ 0x122b4 (magic = 0xd5ec).
No.177 basic block @ 0x122cc (magic = 0xb673).
No.178 basic block @ 0x122e0 (magic = 0xd4f1).
No.179 basic block @ 0x122fc (magic = 0x6d0b).
No.180 basic block @ 0x12304 (magic = 0xdd59).
No.181 basic block @ 0x12318 (magic = 0xbfdb).
No.182 basic block @ 0x1232c (magic = 0x185d).
No.183 basic block @ 0x12340 (magic = 0x7adf).
No.184 basic block @ 0x12358 (magic = 0x9348).
No.185 basic block @ 0x1236c (magic = 0xa719).
No.186 basic block @ 0x12378 (magic = 0xf774).
No.187 basic block @ 0x1238c (magic = 0x95f6).
No.188 basic block @ 0x123a8 (magic = 0x9f).
No.189 basic block @ 0x123b0 (magic = 0x94eb).
No.190 basic block @ 0x123c4 (magic = 0xb965).
No.191 basic block @ 0x123d8 (magic = 0x595a).
No.192 basic block @ 0x123ec (magic = 0x3bd8).
No.193 basic block @ 0x1240c (magic = 0x6aa8).
No.194 basic block @ 0x12420 (magic = 0x4726).
No.195 basic block @ 0x1242c (magic = 0x174b).
No.196 basic block @ 0x12440 (magic = 0xda7e).
No.197 basic block @ 0x1245c (magic = 0x4f17).
No.198 basic block @ 0x12464 (magic = 0xdb63).
No.199 basic block @ 0x12478 (magic = 0xb9e1).
No.200 basic block @ 0x1248c (magic = 0x946f).
No.201 basic block @ 0x124a0 (magic = 0x7450).
No.202 basic block @ 0x124b8 (magic = 0xd2cb).
No.203 basic block @ 0x124d0 (magic = 0x83bb).
No.204 basic block @ 0x124d8 (magic = 0xb89).
No.205 basic block @ 0x124e0 (magic = 0x17cf).
No.206 basic block @ 0x124f0 (magic = 0xfe58).
No.207 basic block @ 0x124fc (magic = 0xbcce).
No.208 basic block @ 0x12504 (magic = 0x28ba).
No.209 basic block @ 0x1250c (magic = 0x1a55).
No.210 basic block @ 0x1251c (magic = 0x8e21).
No.211 basic block @ 0x12528 (magic = 0x35e1).
No.212 basic block @ 0x12534 (magic = 0xdf51).
No.213 basic block @ 0x1253c (magic = 0x5763).
No.214 basic block @ 0x12560 (magic = 0xd6f9).
No.215 basic block @ 0x12620 (magic = 0xb2c5).
No.216 basic block @ 0x12644 (magic = 0xf461).
No.217 basic block @ 0x1264c (magic = 0x38a).
No.218 basic block @ 0x1272c (magic = 0xd9a3).
No.219 basic block @ 0x12758 (magic = 0x8c57).
No.220 basic block @ 0x12764 (magic = 0x66e7).
No.221 basic block @ 0x12774 (magic = 0xf293).
No.222 basic block @ 0x12780 (magic = 0x4953).
No.223 basic block @ 0x12794 (magic = 0x2bd1).
No.224 basic block @ 0x127a0 (magic = 0x8e6d).
No.225 basic block @ 0x127ac (magic = 0xde00).
No.226 basic block @ 0x127b8 (magic = 0xaa4b).
No.227 basic block @ 0x127c0 (magic = 0x3e3f).
No.228 basic block @ 0x128a0 (magic = 0xb5ae).
No.229 basic block @ 0x128bc (magic = 0x20c7).
No.230 basic block @ 0x128c8 (magic = 0x70aa).
No.231 basic block @ 0x128d4 (magic = 0x4162).
No.232 basic block @ 0x128f0 (magic = 0x434d).
No.233 basic block @ 0x12910 (magic = 0x9a0f).
No.234 basic block @ 0x1291c (magic = 0x70bf).
No.235 basic block @ 0x1292c (magic = 0xe4cb).
No.236 basic block @ 0x12930 (magic = 0x5d31).
No.237 basic block @ 0x12948 (magic = 0x7917).
No.238 basic block @ 0x12954 (magic = 0x297a).
No.239 basic block @ 0x12970 (magic = 0xbc13).
No.240 basic block @ 0x12984 (magic = 0xde91).
No.241 basic block @ 0x12990 (magic = 0x8efc).
No.242 basic block @ 0x129a0 (magic = 0x676b).
No.243 basic block @ 0x129b4 (magic = 0x533a).
No.244 basic block @ 0x129d0 (magic = 0xc653).
No.245 basic block @ 0x129e8 (magic = 0x60c8).
No.246 basic block @ 0x129f4 (magic = 0x30a5).
No.247 basic block @ 0x12a1c (magic = 0xfd14).
No.248 basic block @ 0x12a38 (magic = 0x687d).
No.249 basic block @ 0x12a44 (magic = 0x3810).
No.250 basic block @ 0x12a80 (magic = 0xeb91).
No.251 basic block @ 0x12a90 (magic = 0x4d0a).
No.252 basic block @ 0x12a9c (magic = 0x7ef8).
No.253 basic block @ 0x12af4 (magic = 0x273d).
No.254 basic block @ 0x12b00 (magic = 0x14cf).
No.255 basic block @ 0x12b3c (magic = 0x6f92).
No.256 basic block @ 0x12b48 (magic = 0x3fff).
No.257 basic block @ 0x12b54 (magic = 0x413b).
No.258 basic block @ 0x12b5c (magic = 0x5d7d).
No.259 basic block @ 0x12b84 (magic = 0x9879).
No.260 basic block @ 0x12b8c (magic = 0xe59a).
No.261 basic block @ 0x12bc0 (magic = 0x374a).
No.262 basic block @ 0x12bc8 (magic = 0xc0a1).
No.263 basic block @ 0x12be4 (magic = 0x3657).
No.264 basic block @ 0x12bfc (magic = 0xdfc0).
No.265 basic block @ 0x12c0c (magic = 0xd6ec).
No.266 basic block @ 0x12c18 (magic = 0x201a).
No.267 basic block @ 0x12c44 (magic = 0xa935).
No.268 basic block @ 0x12c48 (magic = 0x716a).
No.269 basic block @ 0x12c5c (magic = 0x5ce4).
No.270 basic block @ 0x12c60 (magic = 0x98fd).
No.271 basic block @ 0x12c78 (magic = 0x8e34).
No.272 basic block @ 0x12c90 (magic = 0xedab).
No.273 basic block @ 0x12ca0 (magic = 0x4b30).
No.274 basic block @ 0x12cc4 (magic = 0xf2ca).
No.275 basic block @ 0x12cd4 (magic = 0xe031).
No.276 basic block @ 0x12cec (magic = 0x46aa).
No.277 basic block @ 0x12cf8 (magic = 0xfd6a).
No.278 basic block @ 0x12d14 (magic = 0x83ae).
No.279 basic block @ 0x12d20 (magic = 0xb266).
No.280 basic block @ 0x12d28 (magic = 0xae20).
No.281 basic block @ 0x12d78 (magic = 0xe999).
No.282 basic block @ 0x12dc8 (magic = 0x3542).
No.283 basic block @ 0x12ddc (magic = 0x57c0).
No.284 basic block @ 0x12de4 (magic = 0x2a23).
No.285 basic block @ 0x12dfc (magic = 0x8637).
No.286 basic block @ 0x12e24 (magic = 0x4333).
No.287 basic block @ 0x12e54 (magic = 0x1079).
No.288 basic block @ 0x12e6c (magic = 0x7a02).
No.289 basic block @ 0x12e94 (magic = 0xbf06).
No.290 basic block @ 0x12ea4 (magic = 0x2b72).
No.291 basic block @ 0x12ee0 (magic = 0x8441).
No.292 basic block @ 0x12eec (magic = 0x3f81).
No.293 basic block @ 0x12ef8 (magic = 0xd531).
No.294 basic block @ 0x12f00 (magic = 0x5d03).
No.295 basic block @ 0x12f60 (magic = 0xaf71).
No.296 basic block @ 0x12f68 (magic = 0x3b05).
No.297 basic block @ 0x12f88 (magic = 0x62c0).
No.298 basic block @ 0x12f8c (magic = 0x2eeb).
No.299 basic block @ 0x12fa4 (magic = 0x9436).
No.300 basic block @ 0x12fb4 (magic = 0xebef).
No.301 basic block @ 0x12fc0 (magic = 0x15f).
No.302 basic block @ 0x12fc8 (magic = 0x896d).
No.303 basic block @ 0x12fd8 (magic = 0xe8c8).
No.304 basic block @ 0x12fe8 (magic = 0xe1e4).
No.305 basic block @ 0x1300c (magic = 0x1712).
No.306 basic block @ 0x13028 (magic = 0x827b).
No.307 basic block @ 0x13034 (magic = 0xd216).
No.308 basic block @ 0x13050 (magic = 0x4fca).
No.309 basic block @ 0x13064 (magic = 0x2d48).
No.310 basic block @ 0x1308c (magic = 0xe84c).
No.311 basic block @ 0x130a4 (magic = 0x89e9).
No.312 basic block @ 0x130c0 (magic = 0x347e).
No.313 basic block @ 0x130c8 (magic = 0x691).
No.314 basic block @ 0x130cc (magic = 0x4aba).
No.315 basic block @ 0x130e4 (magic = 0x3563).
No.316 basic block @ 0x13100 (magic = 0x2a02).
No.317 basic block @ 0x13108 (magic = 0xa230).
No.318 basic block @ 0x13134 (magic = 0xf8d2).
No.319 basic block @ 0x1313c (magic = 0xf39).
No.320 basic block @ 0x13144 (magic = 0x870b).
No.321 basic block @ 0x1315c (magic = 0x3dd6).
No.322 basic block @ 0x13178 (magic = 0x7464).
No.323 basic block @ 0x13184 (magic = 0x2409).
No.324 basic block @ 0x13188 (magic = 0xe010).
No.325 basic block @ 0x131a0 (magic = 0xb160).
No.326 basic block @ 0x131bc (magic = 0x5bd0).
No.327 basic block @ 0x131c0 (magic = 0x838f).
No.328 basic block @ 0x131d8 (magic = 0x6a18).
No.329 basic block @ 0x131e4 (magic = 0x9661).
No.330 basic block @ 0x131e8 (magic = 0x4e3e).
No.331 basic block @ 0x131f4 (magic = 0xb8c8).
No.332 basic block @ 0x13210 (magic = 0x8b3a).
No.333 basic block @ 0x13218 (magic = 0xb9d5).
No.334 basic block @ 0x13234 (magic = 0x1c69).
No.335 basic block @ 0x1323c (magic = 0x2f).
No.336 basic block @ 0x13244 (magic = 0xcccf).
No.337 basic block @ 0x13268 (magic = 0xcdd2).
No.338 basic block @ 0x13270 (magic = 0x45e0).
No.339 basic block @ 0x13288 (magic = 0xff3d).
No.340 basic block @ 0x13290 (magic = 0x82de).
No.341 basic block @ 0x1329c (magic = 0xd2b3).
No.342 basic block @ 0x132a4 (magic = 0x62e1).
No.343 basic block @ 0x132b4 (magic = 0xf695).
No.344 basic block @ 0x132b8 (magic = 0x63).
No.345 basic block @ 0x132c0 (magic = 0x8851).
No.346 basic block @ 0x132c4 (magic = 0x500e).
No.347 basic block @ 0x132cc (magic = 0xa7e5).
No.348 basic block @ 0x132e4 (magic = 0x17e).
No.349 basic block @ 0x132ec (magic = 0x950a).
No.350 basic block @ 0x132f8 (magic = 0x2cf0).
No.351 basic block @ 0x13300 (magic = 0xb884).
No.352 basic block @ 0x13314 (magic = 0x8cd5).
No.353 basic block @ 0x13318 (magic = 0x48cc).
No.354 basic block @ 0x13324 (magic = 0x3608).
No.355 basic block @ 0x13338 (magic = 0x918e).
No.356 basic block @ 0x13348 (magic = 0xbf27).
No.357 basic block @ 0x1334c (magic = 0xf30c).
No.358 basic block @ 0x13354 (magic = 0xef4a).
No.359 basic block @ 0x1335c (magic = 0x92a9).
No.360 basic block @ 0x13364 (magic = 0x6dd).
No.361 basic block @ 0x1336c (magic = 0xb68f).
No.362 basic block @ 0x13378 (magic = 0xe6e2).
No.363 basic block @ 0x13394 (magic = 0x738b).
No.364 basic block @ 0x133a8 (magic = 0x1109).
No.365 basic block @ 0x133c0 (magic = 0xf89e).
No.366 basic block @ 0x133c4 (magic = 0xb4b5).
No.367 basic block @ 0x133cc (magic = 0xa8f3).
No.368 basic block @ 0x133e0 (magic = 0x65c6).
No.369 basic block @ 0x133e8 (magic = 0x5729).
No.370 basic block @ 0x13410 (magic = 0x922d).
No.371 basic block @ 0x13420 (magic = 0x7bba).
No.372 basic block @ 0x1342c (magic = 0x2bd7).
No.373 basic block @ 0x13438 (magic = 0x5f9c).
No.374 basic block @ 0x13440 (magic = 0xcbe8).
No.375 basic block @ 0x1344c (magic = 0x3d1e).
No.376 basic block @ 0x134dc (magic = 0xe8db).
No.377 basic block @ 0x13500 (magic = 0x6941).
No.378 basic block @ 0x13508 (magic = 0xfd35).
No.379 basic block @ 0x13524 (magic = 0x685c).
No.380 basic block @ 0x1354c (magic = 0x2750).
No.381 basic block @ 0x13554 (magic = 0xaf62).
No.382 basic block @ 0x13570 (magic = 0x8775).
No.383 basic block @ 0x13598 (magic = 0x4271).
No.384 basic block @ 0x135a0 (magic = 0x709e).
No.385 basic block @ 0x135bc (magic = 0xc964).
No.386 basic block @ 0x135d4 (magic = 0xed42).
No.387 basic block @ 0x13688 (magic = 0x71cf).
No.388 basic block @ 0x136a0 (magic = 0x6706).
No.389 basic block @ 0x136ac (magic = 0x376b).
No.390 basic block @ 0x136b0 (magic = 0xf372).
No.391 basic block @ 0x136c4 (magic = 0x54f4).
No.392 basic block @ 0x136cc (magic = 0x661b).
No.393 basic block @ 0x136d8 (magic = 0x3676).
No.394 basic block @ 0x136e8 (magic = 0xdfe1).
No.395 basic block @ 0x136f4 (magic = 0x7fc4).
No.396 basic block @ 0x136f8 (magic = 0x33ef).
No.397 basic block @ 0x13704 (magic = 0xd95f).
No.398 basic block @ 0x1370c (magic = 0x516d).
No.399 basic block @ 0x13714 (magic = 0x4d2b).
No.400 basic block @ 0x1371c (magic = 0xbac0).
No.401 basic block @ 0x1373c (magic = 0x882f).
No.402 basic block @ 0x13748 (magic = 0xb9e7).
No.403 basic block @ 0x13760 (magic = 0x8187).
No.404 basic block @ 0x13770 (magic = 0x3b5a).
No.405 basic block @ 0x13774 (magic = 0xe305).
No.406 basic block @ 0x13778 (magic = 0x271c).
No.407 basic block @ 0x1377c (magic = 0x14ee).
No.408 basic block @ 0x137b0 (magic = 0xb8f).
No.409 basic block @ 0x137dc (magic = 0x6021).
No.410 basic block @ 0x137e4 (magic = 0x97ca).
No.411 basic block @ 0x137f8 (magic = 0xf548).
No.412 basic block @ 0x1381c (magic = 0xfce0).
No.413 basic block @ 0x13838 (magic = 0x1650).
No.414 basic block @ 0x13854 (magic = 0xad90).
No.415 basic block @ 0x1385c (magic = 0x9f7f).
No.416 basic block @ 0x1386c (magic = 0x76e8).
No.417 basic block @ 0x13888 (magic = 0x9706).
No.418 basic block @ 0x138b0 (magic = 0x5202).
No.419 basic block @ 0x138ec (magic = 0xfd31).
No.420 basic block @ 0x13904 (magic = 0x47ec).
No.421 basic block @ 0x1391c (magic = 0x2473).
No.422 basic block @ 0x13958 (magic = 0x5f2e).
No.423 basic block @ 0x13974 (magic = 0xca47).
No.424 basic block @ 0x13998 (magic = 0x4152).
No.425 basic block @ 0x139a4 (magic = 0x113f).
No.426 basic block @ 0x139b8 (magic = 0xf100).
No.427 basic block @ 0x13a38 (magic = 0x72ec).
No.428 basic block @ 0x13a70 (magic = 0xa994).
No.429 basic block @ 0x13acc (magic = 0xdfe5).
No.430 basic block @ 0x13af4 (magic = 0x8936).
No.431 basic block @ 0x13b04 (magic = 0x629b).
No.432 basic block @ 0x13b14 (magic = 0xc400).
No.433 basic block @ 0x13b24 (magic = 0x5074).
No.434 basic block @ 0x13b3c (magic = 0x9b1).
No.435 basic block @ 0x13b64 (magic = 0xccb5).
No.436 basic block @ 0x13b80 (magic = 0x2605).
No.437 basic block @ 0x13b8c (magic = 0x83b9).
No.438 basic block @ 0x13b98 (magic = 0xd3d4).
No.439 basic block @ 0x13ba4 (magic = 0x8a95).
No.440 basic block @ 0x13bb0 (magic = 0xdaf8).
No.441 basic block @ 0x13bc8 (magic = 0x8b88).
No.442 basic block @ 0x13bec (magic = 0x7d7e).
No.443 basic block @ 0x13c04 (magic = 0x24bb).
No.444 basic block @ 0x13c24 (magic = 0x1654).
No.445 basic block @ 0x13ccc (magic = 0x1266).
No.446 basic block @ 0x13cd0 (magic = 0xd67f).
No.447 basic block @ 0x13cd8 (magic = 0x420b).
No.448 basic block @ 0x13ce0 (magic = 0x70e4).
No.449 basic block @ 0x13ce4 (magic = 0xb4fd).
No.450 basic block @ 0x13cf4 (magic = 0xd762).
No.451 basic block @ 0x13d08 (magic = 0xb5e0).
No.452 basic block @ 0x13d20 (magic = 0x5c77).
No.453 basic block @ 0x13d28 (magic = 0xc803).
No.454 basic block @ 0x13d34 (magic = 0x6826).
No.455 basic block @ 0x13d3c (magic = 0xfc52).
No.456 basic block @ 0x13d48 (magic = 0xaa4).
No.457 basic block @ 0x13d88 (magic = 0xae05).
No.458 basic block @ 0x13d94 (magic = 0xc608).
No.459 basic block @ 0x13fa4 (magic = 0xc359).
No.460 basic block @ 0x13fa8 (magic = 0x1b06).
No.461 basic block @ 0x13fb0 (magic = 0xeced).
No.462 basic block @ 0x13fb4 (magic = 0x28f4).
No.463 basic block @ 0x13fc0 (magic = 0x7899).
No.464 basic block @ 0x13fc8 (magic = 0x4a76).
No.465 basic block @ 0x13fcc (magic = 0x65d).
No.466 basic block @ 0x13fd4 (magic = 0x1a1b).
No.467 basic block @ 0x13fe4 (magic = 0xf38c).
No.468 basic block @ 0x13fec (magic = 0x43de).
No.469 basic block @ 0x13ff0 (magic = 0x87c7).
No.470 basic block @ 0x13ff8 (magic = 0x13b3).
No.471 basic block @ 0x14000 (magic = 0x215c).
No.472 basic block @ 0x14024 (magic = 0x12ae).
No.473 basic block @ 0x14038 (magic = 0x702c).
No.474 basic block @ 0x14064 (magic = 0xb53d).
No.475 basic block @ 0x1406c (magic = 0x3d0f).
No.476 basic block @ 0x14074 (magic = 0x2149).
No.477 basic block @ 0x1407c (magic = 0xd6a2).
No.478 basic block @ 0x14084 (magic = 0x42d6).
No.479 basic block @ 0x1408c (magic = 0x7039).
No.480 basic block @ 0x14098 (magic = 0x2054).
No.481 basic block @ 0x140a0 (magic = 0x5db7).
No.482 basic block @ 0x140e0 (magic = 0xbc95).
No.483 basic block @ 0x140ec (magic = 0xecf8).
No.484 basic block @ 0x140f8 (magic = 0x923c).
No.485 basic block @ 0x14104 (magic = 0x3780).
No.486 basic block @ 0x14114 (magic = 0xa3f4).
No.487 basic block @ 0x14124 (magic = 0x53bc).
No.488 basic block @ 0x1413c (magic = 0xf527).
No.489 basic block @ 0x14144 (magic = 0x2cc).
No.490 basic block @ 0x141a0 (magic = 0x9f10).
No.491 basic block @ 0x141b0 (magic = 0xfc8f).
No.492 basic block @ 0x141c0 (magic = 0x4652).
No.493 basic block @ 0x141c8 (magic = 0x5a14).
No.494 basic block @ 0x141cc (magic = 0xe3ee).
No.495 basic block @ 0x141d8 (magic = 0xb383).
No.496 basic block @ 0x1420c (magic = 0x7e7e).
No.497 basic block @ 0x14218 (magic = 0x2e13).
No.498 basic block @ 0x14220 (magic = 0x1cfc).
No.499 basic block @ 0x1422c (magic = 0x4c91).
No.500 basic block @ 0x14234 (magic = 0x3172).
No.501 basic block @ 0x1423c (magic = 0xa506).
No.502 basic block @ 0x14240 (magic = 0x611f).
No.503 basic block @ 0x1424c (magic = 0x9d66).
No.504 basic block @ 0x14258 (magic = 0x77d6).
No.505 basic block @ 0x1425c (magic = 0xb3cf).
No.506 basic block @ 0x14270 (magic = 0x1449).
No.507 basic block @ 0x1427c (magic = 0x4424).
No.508 basic block @ 0x14290 (magic = 0x26a6).
No.509 basic block @ 0x142a8 (magic = 0xab0d).
No.510 basic block @ 0x142cc (magic = 0x5dfb).
No.511 basic block @ 0x142d8 (magic = 0xe63b).
No.512 basic block @ 0x142e4 (magic = 0xc8b).
No.513 basic block @ 0x142f0 (magic = 0x5ce6).
No.514 basic block @ 0x14300 (magic = 0xa937).
No.515 basic block @ 0x14310 (magic = 0x523).
No.516 basic block @ 0x14328 (magic = 0x2b8a).
No.517 basic block @ 0x14334 (magic = 0x43e).
No.518 basic block @ 0x14340 (magic = 0x5453).
No.519 basic block @ 0x14388 (magic = 0x209c).
No.520 basic block @ 0x1438c (magic = 0x6cb7).
No.521 basic block @ 0x1439c (magic = 0x871a).
No.522 basic block @ 0x143c4 (magic = 0xc816).
No.523 basic block @ 0x143d0 (magic = 0x987b).
No.524 basic block @ 0x143dc (magic = 0x6402).
No.525 basic block @ 0x14424 (magic = 0x6638).
No.526 basic block @ 0x14428 (magic = 0xa221).
No.527 basic block @ 0x14430 (magic = 0x3655).
No.528 basic block @ 0x14438 (magic = 0xb0da).
No.529 basic block @ 0x1443c (magic = 0x74c3).
No.530 basic block @ 0x14444 (magic = 0xe0b7).
No.531 basic block @ 0x14460 (magic = 0x75de).
No.532 basic block @ 0x14470 (magic = 0xe1aa).
No.533 basic block @ 0x14478 (magic = 0xd345).
No.534 basic block @ 0x14490 (magic = 0xb2e0).
No.535 basic block @ 0x144a4 (magic = 0x52df).
No.536 basic block @ 0x144ac (magic = 0x4e99).
No.537 basic block @ 0x144b4 (magic = 0x7c76).
No.538 basic block @ 0x144bc (magic = 0xe802).
No.539 basic block @ 0x144c4 (magic = 0x1fe9).
No.540 basic block @ 0x144d4 (magic = 0x8b9d).
No.541 basic block @ 0x144dc (magic = 0xb972).
No.542 basic block @ 0x144f8 (magic = 0x88).
No.543 basic block @ 0x144fc (magic = 0xc491).
No.544 basic block @ 0x14508 (magic = 0xec86).
No.545 basic block @ 0x14518 (magic = 0xc22f).
No.546 basic block @ 0x1451c (magic = 0x8e04).
No.547 basic block @ 0x14528 (magic = 0xa1b0).
No.548 basic block @ 0x1453c (magic = 0xc332).
No.549 basic block @ 0x14544 (magic = 0x4b00).
No.550 basic block @ 0x14550 (magic = 0xeebc).
No.551 basic block @ 0x14564 (magic = 0xe83).
No.552 basic block @ 0x14570 (magic = 0x5eee).
No.553 basic block @ 0x1458c (magic = 0xcb87).
No.554 basic block @ 0x14594 (magic = 0x43b5).
No.555 basic block @ 0x145a8 (magic = 0x2137).
No.556 basic block @ 0x145b0 (magic = 0x3d71).
No.557 basic block @ 0x145b4 (magic = 0x848b).
No.558 basic block @ 0x145bc (magic = 0xcb9).
No.559 basic block @ 0x145c4 (magic = 0x10ff).
No.560 basic block @ 0x145e4 (magic = 0xf2b6).
No.561 basic block @ 0x145f4 (magic = 0x191b).
No.562 basic block @ 0x14604 (magic = 0xbf80).
No.563 basic block @ 0x1461c (magic = 0x5617).
No.564 basic block @ 0x14630 (magic = 0xb628).
No.565 basic block @ 0x14654 (magic = 0xb735).
No.566 basic block @ 0x14658 (magic = 0x732c).
No.567 basic block @ 0x14668 (magic = 0xd5b7).
No.568 basic block @ 0x14674 (magic = 0x85da).
No.569 basic block @ 0x14684 (magic = 0x700b).
No.570 basic block @ 0x1468c (magic = 0x6c4d).
No.571 basic block @ 0x14690 (magic = 0xcc68).
No.572 basic block @ 0x146c4 (magic = 0x5901).
No.573 basic block @ 0x146d8 (magic = 0x3b83).
No.574 basic block @ 0x146e4 (magic = 0x8279).
No.575 basic block @ 0x146ec (magic = 0x160d).
No.576 basic block @ 0x14704 (magic = 0x322b).
No.577 basic block @ 0x1470c (magic = 0xc4).
No.578 basic block @ 0x1471c (magic = 0x635b).
No.579 basic block @ 0x14724 (magic = 0xeb69).
No.580 basic block @ 0x14728 (magic = 0x3336).
No.581 basic block @ 0x1476c (magic = 0x83e0).
No.582 basic block @ 0x14778 (magic = 0xd38d).
No.583 basic block @ 0x14780 (magic = 0x2466).
No.584 basic block @ 0x14788 (magic = 0xac54).
No.585 basic block @ 0x1484c (magic = 0x897e).
No.586 basic block @ 0x14930 (magic = 0xabe6).
No.587 basic block @ 0x14950 (magic = 0xf223).
No.588 basic block @ 0x14958 (magic = 0x6657).
No.589 basic block @ 0x14974 (magic = 0xf33e).
No.590 basic block @ 0x14988 (magic = 0x91bc).
No.591 basic block @ 0x1499c (magic = 0xbc32).
No.592 basic block @ 0x149ac (magic = 0x2846).
No.593 basic block @ 0x149b8 (magic = 0xa88d).
No.594 basic block @ 0x149c4 (magic = 0x423d).
No.595 basic block @ 0x149d4 (magic = 0xd649).
No.596 basic block @ 0x149fc (magic = 0x134d).
No.597 basic block @ 0x14a18 (magic = 0x8e91).
No.598 basic block @ 0x14a28 (magic = 0x280a).
No.599 basic block @ 0x14a3c (magic = 0x8f8c).
No.600 basic block @ 0x14a88 (magic = 0x60a5).
No.601 basic block @ 0x14ae0 (magic = 0x5aff).
No.602 basic block @ 0x14af8 (magic = 0x7456).
No.603 basic block @ 0x14b00 (magic = 0x6810).
No.604 basic block @ 0x14b48 (magic = 0x51e9).
No.605 basic block @ 0x14b60 (magic = 0xeb34).
No.606 basic block @ 0x14b68 (magic = 0x1cdf).
No.607 basic block @ 0x14b70 (magic = 0x94ed).
No.608 basic block @ 0x14b7c (magic = 0x7e5d).
No.609 basic block @ 0x14b94 (magic = 0x7677).
No.610 basic block @ 0x14bac (magic = 0x3bde).
No.611 basic block @ 0x14bdc (magic = 0xe29c).
No.612 basic block @ 0x14c1c (magic = 0x8d84).
No.613 basic block @ 0x14c24 (magic = 0x5b6).
No.614 basic block @ 0x14c54 (magic = 0xdcf4).
No.615 basic block @ 0x14c98 (magic = 0x842c).
No.616 basic block @ 0x14ca0 (magic = 0x1058).
No.617 basic block @ 0x14cd0 (magic = 0x3b68).
No.618 basic block @ 0x14d10 (magic = 0x58f7).
No.619 basic block @ 0x14d18 (magic = 0xcc83).
No.620 basic block @ 0x14d48 (magic = 0x33dd).
No.621 basic block @ 0x14d84 (magic = 0xdb57).
No.622 basic block @ 0x14d8c (magic = 0x5365).
No.623 basic block @ 0x14e10 (magic = 0x4f6f).
No.624 basic block @ 0x14e90 (magic = 0xde82).
No.625 basic block @ 0x14ef4 (magic = 0x9362).
No.626 basic block @ 0x14f58 (magic = 0xf388).
No.627 basic block @ 0x14fa8 (magic = 0x3e39).
No.628 basic block @ 0x14fcc (magic = 0xb716).
No.629 basic block @ 0x14fd4 (magic = 0x2362).
No.630 basic block @ 0x15024 (magic = 0xd581).
No.631 basic block @ 0x1504c (magic = 0x9a8d).
No.632 basic block @ 0x15054 (magic = 0x2adf).
No.633 basic block @ 0x150a4 (magic = 0xa0d7).
No.634 basic block @ 0x150c8 (magic = 0xf2).
No.635 basic block @ 0x150d0 (magic = 0x321d).
No.636 basic block @ 0x15120 (magic = 0x3aa8).
No.637 basic block @ 0x15148 (magic = 0xffac).
No.638 basic block @ 0x15150 (magic = 0x6bd8).
No.639 basic block @ 0x1515c (magic = 0x9d2e).
No.640 basic block @ 0x15174 (magic = 0xfc8b).
No.641 basic block @ 0x15184 (magic = 0x2c2d).
No.642 basic block @ 0x1519c (magic = 0x284).
No.643 basic block @ 0x151c4 (magic = 0xc780).
No.644 basic block @ 0x151d8 (magic = 0xea0e).
No.645 basic block @ 0x151e0 (magic = 0xf648).
No.646 basic block @ 0x151f0 (magic = 0xd26e).
No.647 basic block @ 0x15208 (magic = 0x74f5).
No.648 basic block @ 0x1521c (magic = 0xd373).
No.649 basic block @ 0x15238 (magic = 0xcc12).
No.650 basic block @ 0x15248 (magic = 0x3c5a).
No.651 basic block @ 0x1525c (magic = 0x5ed8).
No.652 basic block @ 0x15270 (magic = 0xf95e).
No.653 basic block @ 0x15284 (magic = 0x9bdc).
No.654 basic block @ 0x15298 (magic = 0xb652).
No.655 basic block @ 0x152a0 (magic = 0x3e60).
No.656 basic block @ 0x152bc (magic = 0xc219).
No.657 basic block @ 0x152e0 (magic = 0xc304).
No.658 basic block @ 0x15300 (magic = 0x187c).
No.659 basic block @ 0x15318 (magic = 0x9962).
No.660 basic block @ 0x15378 (magic = 0xbf7e).
No.661 basic block @ 0x153ac (magic = 0x2a17).
No.662 basic block @ 0x153cc (magic = 0x795d).
No.663 basic block @ 0x153d8 (magic = 0x278d).
No.664 basic block @ 0x15400 (magic = 0xe289).
No.665 basic block @ 0x15428 (magic = 0xad85).
No.666 basic block @ 0x15450 (magic = 0x2f38).
No.667 basic block @ 0x15480 (magic = 0x620e).
No.668 basic block @ 0x154b4 (magic = 0x9161).
No.669 basic block @ 0x154c0 (magic = 0xc10c).
No.670 basic block @ 0x15500 (magic = 0xed9f).
No.671 basic block @ 0x15548 (magic = 0xb660).
No.672 basic block @ 0x15550 (magic = 0xaa26).
No.673 basic block @ 0x1559c (magic = 0x1a38).
No.674 basic block @ 0x155a8 (magic = 0xecce).
No.675 basic block @ 0x155b4 (magic = 0xbca3).
No.676 basic block @ 0x155bc (magic = 0xc140).
No.677 basic block @ 0x155d0 (magic = 0x217f).
No.678 basic block @ 0x155e4 (magic = 0x43fd).
No.679 basic block @ 0x155f4 (magic = 0x2062).
No.680 basic block @ 0x15618 (magic = 0xd694).
No.681 basic block @ 0x1562c (magic = 0xfb1a).
No.682 basic block @ 0x15640 (magic = 0xcf4b).
No.683 basic block @ 0x15654 (magic = 0xadc9).
No.684 basic block @ 0x15668 (magic = 0xa4f).
No.685 basic block @ 0x1567c (magic = 0x68cd).
No.686 basic block @ 0x15690 (magic = 0x4543).
No.687 basic block @ 0x156a4 (magic = 0xa57c).
No.688 basic block @ 0x156b8 (magic = 0xc7fe).
No.689 basic block @ 0x156cc (magic = 0x6078).
No.690 basic block @ 0x156e0 (magic = 0x2fa).
No.691 basic block @ 0x15708 (magic = 0xe241).
No.692 basic block @ 0x1571c (magic = 0x80c3).
No.693 basic block @ 0x15730 (magic = 0x2745).
No.694 basic block @ 0x15744 (magic = 0x45c7).
No.695 basic block @ 0x15758 (magic = 0x6849).
No.696 basic block @ 0x1576c (magic = 0x8876).
No.697 basic block @ 0x15780 (magic = 0xeaf4).
No.698 basic block @ 0x15794 (magic = 0x4d72).
No.699 basic block @ 0x157a8 (magic = 0x2ff0).
No.700 basic block @ 0x157bc (magic = 0x27e).
No.701 basic block @ 0x157d0 (magic = 0xa3af).
No.702 basic block @ 0x15858 (magic = 0xc885).
No.703 basic block @ 0x15878 (magic = 0x13fd).
No.704 basic block @ 0x1588c (magic = 0x27ac).
No.705 basic block @ 0x15894 (magic = 0xb3d8).
No.706 basic block @ 0x15898 (magic = 0x77c1).
No.707 basic block @ 0x158a0 (magic = 0x452e).
No.708 basic block @ 0x158b8 (magic = 0xae83).
No.709 basic block @ 0x158c0 (magic = 0x9172).
No.710 basic block @ 0x158c4 (magic = 0x4433).
No.711 basic block @ 0x158cc (magic = 0xcc01).
No.712 basic block @ 0x158f4 (magic = 0x1b0).
No.713 basic block @ 0x15900 (magic = 0xeb00).
No.714 basic block @ 0x15908 (magic = 0x6332).
No.715 basic block @ 0x15918 (magic = 0x889f).
No.716 basic block @ 0x1592c (magic = 0xea1d).
No.717 basic block @ 0x15934 (magic = 0x7e69).
No.718 basic block @ 0x1593c (magic = 0xe237).
No.719 basic block @ 0x15940 (magic = 0xc793).
No.720 basic block @ 0x15954 (magic = 0x5b1e).
No.721 basic block @ 0x1595c (magic = 0xcf6a).
No.722 basic block @ 0x15968 (magic = 0x399c).
No.723 basic block @ 0x15978 (magic = 0x5a03).
No.724 basic block @ 0x15980 (magic = 0xd231).
No.725 basic block @ 0x15988 (magic = 0xce77).
No.726 basic block @ 0x1598c (magic = 0x3881).
No.727 basic block @ 0x159ac (magic = 0x4562).
No.728 basic block @ 0x159c4 (magic = 0x6144).
No.729 basic block @ 0x159dc (magic = 0x3034).
No.730 basic block @ 0x159ec (magic = 0xa440).
No.731 basic block @ 0x159f4 (magic = 0x96af).
No.732 basic block @ 0x15a0c (magic = 0xf70a).
No.733 basic block @ 0x15a14 (magic = 0xeb4c).
No.734 basic block @ 0x15a28 (magic = 0xdf1d).
No.735 basic block @ 0x15a30 (magic = 0xedf2).
No.736 basic block @ 0x15a38 (magic = 0x7986).
No.737 basic block @ 0x15a3c (magic = 0xbd9f).
No.738 basic block @ 0x15a44 (magic = 0x4a74).
No.739 basic block @ 0x15a5c (magic = 0x64dd).
No.740 basic block @ 0x15a64 (magic = 0x789b).
No.741 basic block @ 0x15a68 (magic = 0xc161).
No.742 basic block @ 0x15a70 (magic = 0x2800).
No.743 basic block @ 0x15aa4 (magic = 0xe45a).
No.744 basic block @ 0x15abc (magic = 0x42c1).
No.745 basic block @ 0x15ae0 (magic = 0x6663).
No.746 basic block @ 0x15ae8 (magic = 0xee51).
No.747 basic block @ 0x15b04 (magic = 0x9095).
No.748 basic block @ 0x15b10 (magic = 0x2b55).
No.749 basic block @ 0x15b28 (magic = 0x9188).
No.750 basic block @ 0x15b40 (magic = 0x781f).
No.751 basic block @ 0x15b50 (magic = 0x5c39).
No.752 basic block @ 0x15b58 (magic = 0x6ed6).
No.753 basic block @ 0x15b70 (magic = 0xd49).
No.754 basic block @ 0x15b78 (magic = 0x993d).
No.755 basic block @ 0x15b8c (magic = 0xfbbf).
No.756 basic block @ 0x15b94 (magic = 0x865c).
No.757 basic block @ 0x15b9c (magic = 0xe6e).
No.758 basic block @ 0x15ba0 (magic = 0xd631).
No.759 basic block @ 0x15ba8 (magic = 0x50be).
No.760 basic block @ 0x15bc4 (magic = 0xba0e).
No.761 basic block @ 0x15bcc (magic = 0xa648).
No.762 basic block @ 0x15be4 (magic = 0xf738).
No.763 basic block @ 0x15bec (magic = 0x7f0a).
No.764 basic block @ 0x15c00 (magic = 0x3131).
No.765 basic block @ 0x15c08 (magic = 0x2d6f).
No.766 basic block @ 0x15c2c (magic = 0x866).
No.767 basic block @ 0x15c34 (magic = 0xff8d).
No.768 basic block @ 0x15c4c (magic = 0x5916).
No.769 basic block @ 0x15c54 (magic = 0xcd62).
No.770 basic block @ 0x15c7c (magic = 0xd4bd).
No.771 basic block @ 0x15c84 (magic = 0xe652).
No.772 basic block @ 0x15c9c (magic = 0x85cd).
No.773 basic block @ 0x15ca4 (magic = 0x11b9).
No.774 basic block @ 0x15cec (magic = 0x487c).
No.775 basic block @ 0x15d20 (magic = 0xdd15).
No.776 basic block @ 0x15dd0 (magic = 0x73c).
No.777 basic block @ 0x15ddc (magic = 0xf1ca).
No.778 basic block @ 0x15e10 (magic = 0xb878).
No.779 basic block @ 0x15ec0 (magic = 0x9c5e).
No.780 basic block @ 0x15ecc (magic = 0xc51f).
No.781 basic block @ 0x15ef0 (magic = 0xc402).
No.782 basic block @ 0x15f10 (magic = 0xf6ed).
No.783 basic block @ 0x15f24 (magic = 0xba10).
No.784 basic block @ 0x15f3c (magic = 0xff45).
No.785 basic block @ 0x15f60 (magic = 0xdd05).
No.786 basic block @ 0x15f70 (magic = 0x4485).
No.787 basic block @ 0x15f78 (magic = 0x58c3).
No.788 basic block @ 0x15f7c (magic = 0xe139).
No.789 basic block @ 0x15f84 (magic = 0x690b).
No.790 basic block @ 0x15f94 (magic = 0xf29d).
No.791 basic block @ 0x15fa4 (magic = 0x5406).
No.792 basic block @ 0x15fb4 (magic = 0xc072).
No.793 basic block @ 0x15fbc (magic = 0x3799).
No.794 basic block @ 0x15fc8 (magic = 0x67f4).
No.795 basic block @ 0x15fdc (magic = 0x576).
No.796 basic block @ 0x15ff8 (magic = 0x98aa).
No.797 basic block @ 0x16008 (magic = 0x3e31).
No.798 basic block @ 0x16010 (magic = 0xb603).
No.799 basic block @ 0x16024 (magic = 0x1185).
No.800 basic block @ 0x1602c (magic = 0xdc3).
No.801 basic block @ 0x16034 (magic = 0x3f2c).
No.802 basic block @ 0x1603c (magic = 0xab58).
No.803 basic block @ 0x16048 (magic = 0x12a2).
No.804 basic block @ 0x16090 (magic = 0xb39a).
No.805 basic block @ 0x160a8 (magic = 0x68e2).
No.806 basic block @ 0x160b0 (magic = 0xe0d0).
No.807 basic block @ 0x160bc (magic = 0x88dd).
No.808 basic block @ 0x160fc (magic = 0xeb42).
No.809 basic block @ 0x16110 (magic = 0xc6cc).
No.810 basic block @ 0x16118 (magic = 0x52b8).
No.811 basic block @ 0x16120 (magic = 0x9e58).
No.812 basic block @ 0x16128 (magic = 0x166a).
No.813 basic block @ 0x161f8 (magic = 0xde42).
No.814 basic block @ 0x16200 (magic = 0xecad).
No.815 basic block @ 0x16208 (magic = 0x78d9).
No.816 basic block @ 0x16220 (magic = 0x1b46).
No.817 basic block @ 0x1627c (magic = 0x6d37).
No.818 basic block @ 0x162a4 (magic = 0x223b).
No.819 basic block @ 0x162e8 (magic = 0x364c).
No.820 basic block @ 0x16350 (magic = 0xaa8d).
No.821 basic block @ 0x16358 (magic = 0x22bf).
No.822 basic block @ 0x1640c (magic = 0x76e0).
No.823 basic block @ 0x1641c (magic = 0x5849).
No.824 basic block @ 0x164b4 (magic = 0x7bcc).
No.825 basic block @ 0x1652c (magic = 0xfcb).
No.826 basic block @ 0x16534 (magic = 0xf820).
No.827 basic block @ 0x1654c (magic = 0xd689).
No.828 basic block @ 0x16554 (magic = 0xcacf).
No.829 basic block @ 0x16560 (magic = 0xfb07).
No.830 basic block @ 0x16584 (magic = 0x3591).
No.831 basic block @ 0x165a0 (magic = 0x663).
No.832 basic block @ 0x165ac (magic = 0xf095).
No.833 basic block @ 0x165c8 (magic = 0x496f).
No.834 basic block @ 0x165dc (magic = 0x7d3e).
No.835 basic block @ 0x165e0 (magic = 0xb927).
No.836 basic block @ 0x165e8 (magic = 0x8bc8).
No.837 basic block @ 0x1661c (magic = 0x1ea1).
No.838 basic block @ 0x16624 (magic = 0x6342).
No.839 basic block @ 0x16640 (magic = 0x1709).
No.840 basic block @ 0x1666c (magic = 0x1614).
No.841 basic block @ 0x16684 (magic = 0xcd6c).
No.842 basic block @ 0x166ac (magic = 0x62db).
No.843 basic block @ 0x166c4 (magic = 0x144).
No.844 basic block @ 0x166d8 (magic = 0x63c6).
No.845 basic block @ 0x166e8 (magic = 0x8a51).
No.846 basic block @ 0x1670c (magic = 0xfe1a).
No.847 basic block @ 0x16724 (magic = 0xaf6a).
No.848 basic block @ 0x16750 (magic = 0x247f).
No.849 basic block @ 0x16768 (magic = 0x763d).
No.850 basic block @ 0x16790 (magic = 0xb339).
No.851 basic block @ 0x167a8 (magic = 0x9e4).
No.852 basic block @ 0x167d4 (magic = 0x4c).
No.853 basic block @ 0x167ec (magic = 0x513c).
No.854 basic block @ 0x16814 (magic = 0x1e30).
No.855 basic block @ 0x1682c (magic = 0xee78).
No.856 basic block @ 0x16858 (magic = 0x6757).
No.857 basic block @ 0x16870 (magic = 0xdd8a).
No.858 basic block @ 0x1688c (magic = 0x4056).
No.859 basic block @ 0x168a4 (magic = 0xe6cd).
No.860 basic block @ 0x168cc (magic = 0x23c9).
No.861 basic block @ 0x168e4 (magic = 0x426c).
No.862 basic block @ 0x16904 (magic = 0x3451).
No.863 basic block @ 0x1691c (magic = 0x57ce).
No.864 basic block @ 0x16940 (magic = 0xdcdb).
No.865 basic block @ 0x16950 (magic = 0x48af).
No.866 basic block @ 0x16978 (magic = 0xca12).
No.867 basic block @ 0x16988 (magic = 0xa98d).
No.868 basic block @ 0x169a0 (magic = 0xf16).
No.869 basic block @ 0x169b0 (magic = 0xe681).
No.870 basic block @ 0x169d4 (magic = 0x680d).
No.871 basic block @ 0x169ec (magic = 0x17d4).
No.872 basic block @ 0x16a18 (magic = 0x9cc1).
No.873 basic block @ 0x16a30 (magic = 0x8a08).
No.874 basic block @ 0x16a58 (magic = 0x4f0c).
No.875 basic block @ 0x16a70 (magic = 0xa69b).
No.876 basic block @ 0x16a84 (magic = 0x6bae).
No.877 basic block @ 0x16a98 (magic = 0x92c).
No.878 basic block @ 0x16abc (magic = 0x831).
No.879 basic block @ 0x16ad4 (magic = 0xe1a6).
No.880 basic block @ 0x16b00 (magic = 0x2f30).
No.881 basic block @ 0x16b18 (magic = 0x50e9).
No.882 basic block @ 0x16b40 (magic = 0x1fe5).
No.883 basic block @ 0x16b54 (magic = 0xc907).
No.884 basic block @ 0x16b78 (magic = 0xd45c).
No.885 basic block @ 0x16b90 (magic = 0x6e81).
No.886 basic block @ 0x16bbc (magic = 0x6729).
No.887 basic block @ 0x16bd4 (magic = 0x3659).
No.888 basic block @ 0x16bfc (magic = 0x7955).
No.889 basic block @ 0x16c0c (magic = 0xed21).
No.890 basic block @ 0x16c14 (magic = 0x891d).
No.891 basic block @ 0x16c28 (magic = 0xeb9f).
No.892 basic block @ 0x16c4c (magic = 0xea82).
No.893 basic block @ 0x16c60 (magic = 0xc70c).
No.894 basic block @ 0x16c78 (magic = 0xe32a).
No.895 basic block @ 0x16cc4 (magic = 0xad3b).
No.896 basic block @ 0x16cf4 (magic = 0xdb06).
No.897 basic block @ 0x16d0c (magic = 0xa4df).
No.898 basic block @ 0x16d38 (magic = 0x2fca).
No.899 basic block @ 0x16d50 (magic = 0x3903).
No.900 basic block @ 0x16d78 (magic = 0xfc07).
No.901 basic block @ 0x16d90 (magic = 0x1590).
No.902 basic block @ 0x16db4 (magic = 0x875a).
No.903 basic block @ 0x16dd0 (magic = 0xa8ee).
No.904 basic block @ 0x16de8 (magic = 0x1233).
No.905 basic block @ 0x16df0 (magic = 0x6fd0).
No.906 basic block @ 0x16dfc (magic = 0x3fbd).
No.907 basic block @ 0x16e00 (magic = 0xfba4).
No.908 basic block @ 0x16e04 (magic = 0x8fef).
No.909 basic block @ 0x16e40 (magic = 0x2869).
No.910 basic block @ 0x16e60 (magic = 0x558a).
No.911 basic block @ 0x16e68 (magic = 0xc8d2).
No.912 basic block @ 0x16e80 (magic = 0x6e49).
No.913 basic block @ 0x16e94 (magic = 0xc9cf).
No.914 basic block @ 0x16eb0 (magic = 0x3f39).
No.915 basic block @ 0x16ecc (magic = 0xa2e5).
No.916 basic block @ 0x16eec (magic = 0x900a).
No.917 basic block @ 0x16f04 (magic = 0xf395).
No.918 basic block @ 0x16f30 (magic = 0xa1d3).
No.919 basic block @ 0x16f4c (magic = 0x4b63).
No.920 basic block @ 0x16f60 (magic = 0xece5).
No.921 basic block @ 0x16fa0 (magic = 0x9b89).
No.922 basic block @ 0x16fac (magic = 0x6d7f).
No.923 basic block @ 0x16fb8 (magic = 0x3d12).
No.924 basic block @ 0x16fc4 (magic = 0x86d2).
No.925 basic block @ 0x16fcc (magic = 0x9a94).
No.926 basic block @ 0x16fd8 (magic = 0xe450).
No.927 basic block @ 0x17008 (magic = 0xe1c9).
No.928 basic block @ 0x1703c (magic = 0x5a09).
No.929 basic block @ 0x17050 (magic = 0x7787).
No.930 basic block @ 0x1705c (magic = 0x1f8a).
No.931 basic block @ 0x17068 (magic = 0x4fe7).
No.932 basic block @ 0x17074 (magic = 0xb911).
No.933 basic block @ 0x1707c (magic = 0x2d65).
No.934 basic block @ 0x17084 (magic = 0xda8e).
No.935 basic block @ 0x17090 (magic = 0x8ae3).
No.936 basic block @ 0x1709c (magic = 0x7c15).
No.937 basic block @ 0x170ac (magic = 0x9582).
No.938 basic block @ 0x170b0 (magic = 0x519b).
No.939 basic block @ 0x170c0 (magic = 0x90f).
No.940 basic block @ 0x170cc (magic = 0x5962).
No.941 basic block @ 0x170d4 (magic = 0x6b8d).
No.942 basic block @ 0x170d8 (magic = 0xaf94).
No.943 basic block @ 0x170f4 (magic = 0x9c66).
No.944 basic block @ 0x170fc (magic = 0xae89).
No.945 basic block @ 0x17104 (magic = 0x26bb).
No.946 basic block @ 0x1710c (magic = 0x3afd).
No.947 basic block @ 0x17114 (magic = 0x471e).
No.948 basic block @ 0x17134 (magic = 0xf74c).
No.949 basic block @ 0x1713c (magic = 0xc5a3).
No.950 basic block @ 0x17150 (magic = 0x6225).
No.951 basic block @ 0x17164 (magic = 0xa7).
No.952 basic block @ 0x17174 (magic = 0xe930).
No.953 basic block @ 0x17190 (magic = 0x5553).
No.954 basic block @ 0x17198 (magic = 0x4915).
No.955 basic block @ 0x171b4 (magic = 0xdc7c).
No.956 basic block @ 0x171d8 (magic = 0x5769).
No.957 basic block @ 0x171f0 (magic = 0x734f).
No.958 basic block @ 0x17238 (magic = 0x84a4).
No.959 basic block @ 0x17250 (magic = 0xf06b).
No.960 basic block @ 0x17270 (magic = 0xc284).
No.961 basic block @ 0x17288 (magic = 0xa11b).
No.962 basic block @ 0x1728c (magic = 0x57ed).
No.963 basic block @ 0x17298 (magic = 0x780).
No.964 basic block @ 0x172c0 (magic = 0xca31).
No.965 basic block @ 0x172d8 (magic = 0x6caa).
No.966 basic block @ 0x172fc (magic = 0x6db7).
No.967 basic block @ 0x17314 (magic = 0x62cd).
No.968 basic block @ 0x17320 (magic = 0x4e84).
No.969 basic block @ 0x17338 (magic = 0xf459).
No.970 basic block @ 0x17358 (magic = 0xa529).
No.971 basic block @ 0x17370 (magic = 0xc48c).
No.972 basic block @ 0x17378 (magic = 0xd8ca).
No.973 basic block @ 0x1738c (magic = 0x38f5).
Save binary to C:\Users\myth1\Desktop\Project\binaries\uniq-clang.elf.patch.
